[     120ms] Unexpected token '}'
[     146ms] [WARNING] <meta name="apple-mobile-web-app-capable" content="yes"> is deprecated. Please include <meta name="mobile-web-app-capable" content="yes"> @ http://localhost:8085/index.html:0
[     157ms] [ERROR] Failed to load resource: the server responded with a status of 404 (File not found) @ http://localhost:8085/assets/icon.svg:0
[     162ms] [ERROR] Failed to load resource: the server responded with a status of 404 (File not found) @ http://localhost:8085/assets/icon.svg:0
[     163ms] [WARNING] Error while trying to use the following icon from the Manifest: http://localhost:8085/assets/icon.svg (Download error or resource isn't a valid image) @ http://localhost:8085/index.html:0
[   96386ms] [WARNING] <meta name="apple-mobile-web-app-capable" content="yes"> is deprecated. Please include <meta name="mobile-web-app-capable" content="yes"> @ http://localhost:8086/index.html#inbox:0
[   96422ms] [ERROR] Failed to load resource: the server responded with a status of 404 (File not found) @ http://localhost:8086/assets/icon.svg:0
[   96434ms] [ERROR] Failed to load resource: the server responded with a status of 404 (File not found) @ http://localhost:8086/assets/icon.svg:0
[   96435ms] [WARNING] Error while trying to use the following icon from the Manifest: http://localhost:8086/assets/icon.svg (Download error or resource isn't a valid image) @ http://localhost:8086/index.html#inbox:0
[   96615ms] ReferenceError: db is not defined
    at updateQuickAddButton (http://localhost:8086/src/modules/ui/quickAdd.js:173:20)
    at http://localhost:8086/src/modules/app.js:291:9
[  171540ms] [WARNING] <meta name="apple-mobile-web-app-capable" content="yes"> is deprecated. Please include <meta name="mobile-web-app-capable" content="yes"> @ http://localhost:8086/index.html#inbox:0
[  171569ms] [ERROR] Failed to load resource: the server responded with a status of 404 (File not found) @ http://localhost:8086/assets/icon.svg:0
[  171571ms] [WARNING] Error while trying to use the following icon from the Manifest: http://localhost:8086/assets/icon.svg (Download error or resource isn't a valid image) @ http://localhost:8086/index.html#inbox:0
[  171683ms] ReferenceError: db is not defined
    at updateQuickAddButton (http://localhost:8086/src/modules/ui/quickAdd.js:173:20)
    at http://localhost:8086/src/modules/app.js:291:9
[  195172ms] [WARNING] <meta name="apple-mobile-web-app-capable" content="yes"> is deprecated. Please include <meta name="mobile-web-app-capable" content="yes"> @ http://localhost:8087/index.html#inbox:0
[  195183ms] [ERROR] Failed to load resource: the server responded with a status of 404 (File not found) @ http://localhost:8087/assets/icon.svg:0
[  195185ms] [WARNING] Error while trying to use the following icon from the Manifest: http://localhost:8087/assets/icon.svg (Download error or resource isn't a valid image) @ http://localhost:8087/index.html#inbox:0
[  195194ms] [ERROR] Failed to load resource: the server responded with a status of 404 (File not found) @ http://localhost:8087/assets/icon.svg:0
