[     213ms] Unexpected token '}'
[     216ms] [WARNING] <meta name="apple-mobile-web-app-capable" content="yes"> is deprecated. Please include <meta name="mobile-web-app-capable" content="yes"> @ http://localhost:8081/index.html:0
[     224ms] [ERROR] Failed to load resource: the server responded with a status of 404 (File not found) @ http://localhost:8081/assets/icon.svg:0
[     233ms] [ERROR] Failed to load resource: the server responded with a status of 404 (File not found) @ http://localhost:8081/assets/icon.svg:0
[     236ms] [WARNING] Error while trying to use the following icon from the Manifest: http://localhost:8081/assets/icon.svg (Download error or resource isn't a valid image) @ http://localhost:8081/index.html:0
[  127296ms] Unexpected token '}'
[  127282ms] [WARNING] <meta name="apple-mobile-web-app-capable" content="yes"> is deprecated. Please include <meta name="mobile-web-app-capable" content="yes"> @ http://localhost:8081/index.html:0
[  127292ms] [ERROR] Failed to load resource: the server responded with a status of 404 (File not found) @ http://localhost:8081/assets/icon.svg:0
[  127294ms] [WARNING] Error while trying to use the following icon from the Manifest: http://localhost:8081/assets/icon.svg (Download error or resource isn't a valid image) @ http://localhost:8081/index.html:0
[  183348ms] Unexpected token '}'
[  183348ms] [WARNING] <meta name="apple-mobile-web-app-capable" content="yes"> is deprecated. Please include <meta name="mobile-web-app-capable" content="yes"> @ http://localhost:8082/index.html:0
[  183362ms] [ERROR] Failed to load resource: the server responded with a status of 404 (File not found) @ http://localhost:8082/assets/icon.svg:0
[  183371ms] [ERROR] Failed to load resource: the server responded with a status of 404 (File not found) @ http://localhost:8082/assets/icon.svg:0
[  183372ms] [WARNING] Error while trying to use the following icon from the Manifest: http://localhost:8082/assets/icon.svg (Download error or resource isn't a valid image) @ http://localhost:8082/index.html:0
[  277019ms] Unexpected token '}'
[  277019ms] [WARNING] <meta name="apple-mobile-web-app-capable" content="yes"> is deprecated. Please include <meta name="mobile-web-app-capable" content="yes"> @ http://localhost:8082/index.html:0
[  277033ms] [ERROR] Failed to load resource: the server responded with a status of 404 (File not found) @ http://localhost:8082/assets/icon.svg:0
[  277034ms] [WARNING] Error while trying to use the following icon from the Manifest: http://localhost:8082/assets/icon.svg (Download error or resource isn't a valid image) @ http://localhost:8082/index.html:0
[  320111ms] Identifier 'openTodoInfo' has already been declared
[  320113ms] [WARNING] <meta name="apple-mobile-web-app-capable" content="yes"> is deprecated. Please include <meta name="mobile-web-app-capable" content="yes"> @ http://localhost:8083/index.html:0
[  320119ms] [ERROR] Failed to load resource: the server responded with a status of 404 (File not found) @ http://localhost:8083/assets/icon.svg:0
[  320124ms] [ERROR] Failed to load resource: the server responded with a status of 404 (File not found) @ http://localhost:8083/assets/icon.svg:0
[  320127ms] [WARNING] Error while trying to use the following icon from the Manifest: http://localhost:8083/assets/icon.svg (Download error or resource isn't a valid image) @ http://localhost:8083/index.html:0
[  387800ms] Unexpected token '}'
[  387804ms] [WARNING] <meta name="apple-mobile-web-app-capable" content="yes"> is deprecated. Please include <meta name="mobile-web-app-capable" content="yes"> @ http://localhost:8084/index.html:0
[  387811ms] [ERROR] Failed to load resource: the server responded with a status of 404 (File not found) @ http://localhost:8084/assets/icon.svg:0
[  387816ms] [ERROR] Failed to load resource: the server responded with a status of 404 (File not found) @ http://localhost:8084/assets/icon.svg:0
[  387817ms] [WARNING] Error while trying to use the following icon from the Manifest: http://localhost:8084/assets/icon.svg (Download error or resource isn't a valid image) @ http://localhost:8084/index.html:0
[  401083ms] Unexpected token '}'
[  401070ms] [WARNING] <meta name="apple-mobile-web-app-capable" content="yes"> is deprecated. Please include <meta name="mobile-web-app-capable" content="yes"> @ http://localhost:8084/index.html:0
[  401080ms] [ERROR] Failed to load resource: the server responded with a status of 404 (File not found) @ http://localhost:8084/assets/icon.svg:0
[  401081ms] [WARNING] Error while trying to use the following icon from the Manifest: http://localhost:8084/assets/icon.svg (Download error or resource isn't a valid image) @ http://localhost:8084/index.html:0
[  428540ms] Unexpected token '}'
[  428534ms] [WARNING] <meta name="apple-mobile-web-app-capable" content="yes"> is deprecated. Please include <meta name="mobile-web-app-capable" content="yes"> @ http://localhost:8084/index.html:0
[  428562ms] [ERROR] Failed to load resource: the server responded with a status of 404 (File not found) @ http://localhost:8084/assets/icon.svg:0
[  428562ms] [WARNING] Error while trying to use the following icon from the Manifest: http://localhost:8084/assets/icon.svg (Download error or resource isn't a valid image) @ http://localhost:8084/index.html:0
